2026-06-18 22:02:47,818 [INFO] === CLEANING PHASE ===
2026-06-18 22:02:47,837 [INFO] Processing 71 extracted files
2026-06-18 22:02:47,838 [INFO]   Cleaning: 45213_ACCESS_HOLDINGS_PLC-_QUARTER_2_-_FINANCIAL_STATEMENT_FOR_2025_FINANCIAL_STATEMENTS_OCTOBER_2025.json
2026-06-18 22:02:50,959 [INFO]   Cleaning: 46923_ACCESS_HOLDINGS_PLC-_QUARTER_5_-_FINANCIAL_STATEMENT_FOR_2025_FINANCIAL_STATEMENTS_MAY_2026.json
2026-06-18 22:02:53,347 [INFO]   Cleaning: Abriged-FS-2025-Q1-Final.json
2026-06-18 22:02:53,382 [INFO]   Cleaning: Access-Bank-Plc-September-2024-Financial-Statement.json
2026-06-18 22:02:54,691 [INFO]   Cleaning: ACCESS-HOLDINGS-PLC-FINANCIAL-STATEMENTS-30-SEPTEMBER-2025.json
2026-06-18 22:02:56,740 [INFO]   Cleaning: Access-Holdings-PLC-FY-2025.json
2026-06-18 22:02:59,421 [INFO]   Cleaning: Access-Holdings-Q1-2026.json
2026-06-18 22:03:00,326 [INFO]   Cleaning: AIICO_2025_Audited_FS.json
2026-06-18 22:03:00,371 [INFO]   Cleaning: ng-aiico-2025-ar-00.json
2026-06-18 22:03:03,631 [INFO]   Cleaning: Airtel_Africa_plc_Annual_Report_and_Accounts_2026.json
2026-06-18 22:03:05,313 [INFO]   Cleaning: LSE_AAF.L_2025.json
2026-06-18 22:03:06,856 [INFO]   Cleaning: BUA Cement Plc 2024 - compressed20260302033844.json
2026-06-18 22:03:07,797 [INFO]   Cleaning: BUA Cement Releases Unaudited Financial Statements for the 3-month period Ended March 202620260425000122.json
2026-06-18 22:03:07,816 [INFO]   Cleaning: BUACEMENT_2025_Annual_Reports___Accounts_9a1a0718.json
2026-06-18 22:03:08,468 [INFO]   Cleaning: 43612_CADBURY_NIGERIA_PLC.-_QUARTER_5_-_FINANCIAL_STATEMENT_FOR_2024_FINANCIAL_STATEMENTS_MARCH_2025.json
2026-06-18 22:03:09,002 [INFO]   Cleaning: ng-cadbur-2024-ar-00.json
2026-06-18 22:03:09,545 [INFO]   Cleaning: Dangote-Cement-Plcs-AR-2025-At-at-Glance.json
2026-06-18 22:03:09,577 [INFO]   Cleaning: DANGOTE-SUGAR-AGM-2024-CHAIRMANS-STATEMENT.json
2026-06-18 22:03:09,652 [INFO]   Cleaning: DANGOTE-SUGAR-REFINERY-PLC-2025-ANNUAL-REPORT-CHAIRMANS-STATEMENT.json
2026-06-18 22:03:09,702 [INFO]   Cleaning: DANGOTE-SUGAR-REFINERY-PLC-2025-ANNUAL-REPORT.json
2026-06-18 22:03:11,180 [INFO]   Cleaning: NASCON-Allied-Industries-Plc-2025-H1-Financial-Statements.json
2026-06-18 22:03:11,701 [INFO]   Cleaning: Nascon-Allied-Industries-Plc-Q3-2025-Financial-Statements.json
2026-06-18 22:03:11,991 [INFO]   Cleaning: NASCON-Audited-Finanical-Statements-FY-2023.json
2026-06-18 22:03:12,260 [INFO]   Cleaning: NASCON-FY-2025-Financial-Statement.json
2026-06-18 22:03:12,750 [INFO]   Cleaning: NASCON-FY-2025-Result-Statement.json
2026-06-18 22:03:12,828 [INFO]   Cleaning: NASCON-Q3-FS.json
2026-06-18 22:03:13,367 [INFO]   Cleaning: NASCON-Unaudited-Financial-Statement-2023-Q3-Result.json
2026-06-18 22:03:13,645 [INFO]   Cleaning: NASCON-Unaudited-Q1-2023-FS.json
2026-06-18 22:03:13,895 [INFO]   Cleaning: 20260423093934855a.json
2026-06-18 22:03:15,725 [INFO]   Cleaning: 20260610034536778v.json
2026-06-18 22:03:17,248 [INFO]   Cleaning: FBNH_FBN_Holdings_Plc_H1_2020_Results_Present_a63464af.json
2026-06-18 22:03:17,392 [INFO]   Cleaning: FBNH_First_HoldCo_Plc_9M_2025_Unaudited_Finan_557fef83.json
2026-06-18 22:03:17,641 [INFO]   Cleaning: FBNH_First_HoldCo_Plc_Q1_2026_Unaudited_Finan_ee424764.json
2026-06-18 22:03:17,921 [INFO]   Cleaning: 2024 FCMB ANNUAL REPORT & ACCOUNTS.json
2026-06-18 22:03:19,976 [INFO]   Cleaning: 47129_FCMB_GROUP_PLC-_QUARTER_5_-_FINANCIAL_STATEMENT_FOR_2025_FINANCIAL_STATEMENTS_JUNE_2026.json
2026-06-18 22:03:21,323 [INFO]   Cleaning: FIDELITYBK_Annual_Report_2017_4ae688b0.json
2026-06-18 22:03:22,250 [INFO]   Cleaning: FIDELITYBK_Annual_Report_2018_4e0c6eb0.json
2026-06-18 22:03:23,208 [INFO]   Cleaning: FIDELITYBK_Annual_Report_2019_492add82.json
2026-06-18 22:03:24,771 [INFO]   Cleaning: FIDELITYBK_Annual_Report_2020_5209d07c.json
2026-06-18 22:03:25,850 [INFO]   Cleaning: FIDELITYBK_Annual_Report_2023_7d55a9a0.json
2026-06-18 22:03:27,271 [INFO]   Cleaning: FIDELITYBK_Annual_Report_2024_27c8e547.json
2026-06-18 22:03:29,012 [INFO]   Cleaning: FIDELITYBK_Annual_Report_bf585906.json
2026-06-18 22:03:31,008 [INFO]   Cleaning: FIDELITYBK_Investor_Presentation_a24a14df.json
2026-06-18 22:03:31,119 [INFO]   Cleaning: FIDELITYBK_Proxy_Form_2c87e4db.json
2026-06-18 22:03:31,129 [INFO]   Cleaning: Guaranty-Trust-Holding-Company-Plc-2025-Financial-Statements.json
2026-06-18 22:03:33,502 [INFO]   Cleaning: Guinness-Nigeria-Plc-Press-Announcement-Q1F26.json
2026-06-18 22:03:33,527 [INFO]   Cleaning: Guinness-Nigeria-Plc-Q1-26-Unaudited-Financials.json
2026-06-18 22:03:33,880 [INFO]   Cleaning: Guinness-Nigeria-Plc_Q5F25_Unaudited-Financial-Statements.json
2026-06-18 22:03:33,883 [INFO]   Cleaning: 2026.05.05_julius_berger_nigeria_plc_-_annual_reports_2025.json
2026-06-18 22:03:35,133 [INFO]   Cleaning: annual_reports_2024.json
2026-06-18 22:03:35,989 [INFO]   Cleaning: 2024-Q1-Unaudited-Financial-Statements.json
2026-06-18 22:03:36,552 [INFO]   Cleaning: 2025-Q1-Unaudited-Financial-Statements_.json
2026-06-18 22:03:36,555 [INFO]   Cleaning: MTN-Nigeria-Audited-Financial-Statements-2024.json
2026-06-18 22:03:37,444 [INFO]   Cleaning: MTN-Nigeria-FY-2025-Audited-Financial-Statements.json
2026-06-18 22:03:38,295 [INFO]   Cleaning: NASCON-Audited-Finanical-Statements-FY-2022.json
2026-06-18 22:03:39,223 [INFO]   Cleaning: NASCON-Audited-Finanical-Statements-FY-2023-.json
2026-06-18 22:03:41,612 [INFO]   Cleaning: NASCON-Audited-Finanical-Statements-FY-2023.json
2026-06-18 22:03:43,372 [INFO]   Cleaning: Full-Year-2025-Audited-Financial-Statements-Nigerian-Breweries-Plc.json
2026-06-18 22:03:43,389 [INFO]   Cleaning: NB-ANNUAL-REPORT-doc-1.json
2026-06-18 22:03:44,251 [INFO]   Cleaning: For-the-Nine-Months-ended-30-September-2024.json
2026-06-18 22:03:44,492 [INFO]   Cleaning: Unaudited Financial Statements - Quarter 2 2024.json
2026-06-18 22:03:44,733 [INFO]   Cleaning: unaudited-financial-statements-september-2023.json
2026-06-18 22:03:44,925 [INFO]   Cleaning: investor-presentation_-post-9m-2025-results_12-11-2025_approved-1.json
2026-06-18 22:03:45,002 [INFO]   Cleaning: 1777473162-StanbicIBTCHoldingsPLC2025AnnualReport.json
2026-06-18 22:03:47,013 [INFO]   Cleaning: STERLING_Read_Our_Annual_Report_a007d4bd.json
2026-06-18 22:03:48,385 [INFO]   Cleaning: UBA-2025-AR-NGX.json
2026-06-18 22:03:50,976 [INFO]   Cleaning: UBA-ANNUAL-REPORT-ACCOUNTS-2022.json
2026-06-18 22:03:52,305 [INFO]   Cleaning: UBA-PLC-2025-Annual-Report.json
2026-06-18 22:03:54,030 [INFO]   Cleaning: unilever-annual-report-and-accounts-2025.json
2026-06-18 22:03:56,342 [INFO]   Cleaning: unilever-annual-report-on-form-20-f-2025.json
2026-06-18 22:03:57,592 [INFO]   Cleaning: ng-wapco-2025-ar-00.json
2026-06-18 22:03:59,342 [INFO] Annotation queue saved: 1257 passages -> C:\Users\USER\Documents\ngx_collector\data\metadata\annotation_queue.csv
