2026-06-18 21:33:53,929 [INFO] === CLEANING PHASE ===
2026-06-18 21:33:53,957 [INFO] Processing 71 extracted files
2026-06-18 21:33:53,958 [INFO]   Cleaning: 45213_ACCESS_HOLDINGS_PLC-_QUARTER_2_-_FINANCIAL_STATEMENT_FOR_2025_FINANCIAL_STATEMENTS_OCTOBER_2025.json
2026-06-18 21:33:56,478 [INFO]   Cleaning: 46923_ACCESS_HOLDINGS_PLC-_QUARTER_5_-_FINANCIAL_STATEMENT_FOR_2025_FINANCIAL_STATEMENTS_MAY_2026.json
2026-06-18 21:33:58,560 [INFO]   Cleaning: Abriged-FS-2025-Q1-Final.json
2026-06-18 21:33:58,604 [INFO]   Cleaning: Access-Bank-Plc-September-2024-Financial-Statement.json
2026-06-18 21:34:00,259 [INFO]   Cleaning: ACCESS-HOLDINGS-PLC-FINANCIAL-STATEMENTS-30-SEPTEMBER-2025.json
2026-06-18 21:34:01,223 [INFO]   Cleaning: Access-Holdings-PLC-FY-2025.json
2026-06-18 21:34:04,084 [INFO]   Cleaning: Access-Holdings-Q1-2026.json
2026-06-18 21:34:05,567 [INFO]   Cleaning: AIICO_2025_Audited_FS.json
2026-06-18 21:34:05,637 [INFO]   Cleaning: ng-aiico-2025-ar-00.json
2026-06-18 21:34:08,602 [INFO]   Cleaning: Airtel_Africa_plc_Annual_Report_and_Accounts_2026.json
2026-06-18 21:34:10,364 [INFO]   Cleaning: LSE_AAF.L_2025.json
2026-06-18 21:34:12,048 [INFO]   Cleaning: BUA Cement Plc 2024 - compressed20260302033844.json
2026-06-18 21:34:12,795 [INFO]   Cleaning: BUA Cement Releases Unaudited Financial Statements for the 3-month period Ended March 202620260425000122.json
2026-06-18 21:34:12,844 [INFO]   Cleaning: BUACEMENT_2025_Annual_Reports___Accounts_9a1a0718.json
2026-06-18 21:34:14,487 [INFO]   Cleaning: 43612_CADBURY_NIGERIA_PLC.-_QUARTER_5_-_FINANCIAL_STATEMENT_FOR_2024_FINANCIAL_STATEMENTS_MARCH_2025.json
2026-06-18 21:34:15,405 [INFO]   Cleaning: ng-cadbur-2024-ar-00.json
2026-06-18 21:34:15,870 [INFO]   Cleaning: Dangote-Cement-Plcs-AR-2025-At-at-Glance.json
2026-06-18 21:34:15,913 [INFO]   Cleaning: DANGOTE-SUGAR-AGM-2024-CHAIRMANS-STATEMENT.json
2026-06-18 21:34:16,009 [INFO]   Cleaning: DANGOTE-SUGAR-REFINERY-PLC-2025-ANNUAL-REPORT-CHAIRMANS-STATEMENT.json
2026-06-18 21:34:16,074 [INFO]   Cleaning: DANGOTE-SUGAR-REFINERY-PLC-2025-ANNUAL-REPORT.json
2026-06-18 21:34:17,057 [INFO]   Cleaning: NASCON-Allied-Industries-Plc-2025-H1-Financial-Statements.json
2026-06-18 21:34:17,402 [INFO]   Cleaning: Nascon-Allied-Industries-Plc-Q3-2025-Financial-Statements.json
2026-06-18 21:34:17,721 [INFO]   Cleaning: NASCON-Audited-Finanical-Statements-FY-2023.json
2026-06-18 21:34:17,948 [INFO]   Cleaning: NASCON-FY-2025-Financial-Statement.json
2026-06-18 21:34:18,219 [INFO]   Cleaning: NASCON-FY-2025-Result-Statement.json
2026-06-18 21:34:18,261 [INFO]   Cleaning: NASCON-Q3-FS.json
2026-06-18 21:34:18,507 [INFO]   Cleaning: NASCON-Unaudited-Financial-Statement-2023-Q3-Result.json
2026-06-18 21:34:18,707 [INFO]   Cleaning: NASCON-Unaudited-Q1-2023-FS.json
2026-06-18 21:34:18,906 [INFO]   Cleaning: 20260423093934855a.json
2026-06-18 21:34:20,115 [INFO]   Cleaning: 20260610034536778v.json
2026-06-18 21:34:21,891 [INFO]   Cleaning: FBNH_FBN_Holdings_Plc_H1_2020_Results_Present_a63464af.json
2026-06-18 21:34:22,011 [INFO]   Cleaning: FBNH_First_HoldCo_Plc_9M_2025_Unaudited_Finan_557fef83.json
2026-06-18 21:34:22,252 [INFO]   Cleaning: FBNH_First_HoldCo_Plc_Q1_2026_Unaudited_Finan_ee424764.json
2026-06-18 21:34:22,707 [INFO]   Cleaning: 2024 FCMB ANNUAL REPORT & ACCOUNTS.json
2026-06-18 21:34:24,321 [INFO]   Cleaning: 47129_FCMB_GROUP_PLC-_QUARTER_5_-_FINANCIAL_STATEMENT_FOR_2025_FINANCIAL_STATEMENTS_JUNE_2026.json
2026-06-18 21:34:25,679 [INFO]   Cleaning: FIDELITYBK_Annual_Report_2017_4ae688b0.json
2026-06-18 21:34:27,091 [INFO]   Cleaning: FIDELITYBK_Annual_Report_2018_4e0c6eb0.json
2026-06-18 21:34:28,067 [INFO]   Cleaning: FIDELITYBK_Annual_Report_2019_492add82.json
2026-06-18 21:34:29,209 [INFO]   Cleaning: FIDELITYBK_Annual_Report_2020_5209d07c.json
2026-06-18 21:34:30,282 [INFO]   Cleaning: FIDELITYBK_Annual_Report_2023_7d55a9a0.json
2026-06-18 21:34:31,788 [INFO]   Cleaning: FIDELITYBK_Annual_Report_2024_27c8e547.json
2026-06-18 21:34:33,898 [INFO]   Cleaning: FIDELITYBK_Annual_Report_bf585906.json
2026-06-18 21:34:35,753 [INFO]   Cleaning: FIDELITYBK_Investor_Presentation_a24a14df.json
2026-06-18 21:34:35,884 [INFO]   Cleaning: FIDELITYBK_Proxy_Form_2c87e4db.json
2026-06-18 21:34:35,913 [INFO]   Cleaning: Guaranty-Trust-Holding-Company-Plc-2025-Financial-Statements.json
2026-06-18 21:34:37,811 [INFO]   Cleaning: Guinness-Nigeria-Plc-Press-Announcement-Q1F26.json
2026-06-18 21:34:37,854 [INFO]   Cleaning: Guinness-Nigeria-Plc-Q1-26-Unaudited-Financials.json
2026-06-18 21:34:38,251 [INFO]   Cleaning: Guinness-Nigeria-Plc_Q5F25_Unaudited-Financial-Statements.json
2026-06-18 21:34:38,276 [INFO]   Cleaning: 2026.05.05_julius_berger_nigeria_plc_-_annual_reports_2025.json
2026-06-18 21:34:39,141 [INFO]   Cleaning: annual_reports_2024.json
2026-06-18 21:34:39,891 [INFO]   Cleaning: 2024-Q1-Unaudited-Financial-Statements.json
2026-06-18 21:34:40,549 [INFO]   Cleaning: 2025-Q1-Unaudited-Financial-Statements_.json
2026-06-18 21:34:40,568 [INFO]   Cleaning: MTN-Nigeria-Audited-Financial-Statements-2024.json
2026-06-18 21:34:41,112 [INFO]   Cleaning: MTN-Nigeria-FY-2025-Audited-Financial-Statements.json
2026-06-18 21:34:41,952 [INFO]   Cleaning: NASCON-Audited-Finanical-Statements-FY-2022.json
2026-06-18 21:34:43,053 [INFO]   Cleaning: NASCON-Audited-Finanical-Statements-FY-2023-.json
2026-06-18 21:34:45,433 [INFO]   Cleaning: NASCON-Audited-Finanical-Statements-FY-2023.json
2026-06-18 21:34:46,914 [INFO]   Cleaning: Full-Year-2025-Audited-Financial-Statements-Nigerian-Breweries-Plc.json
2026-06-18 21:34:46,958 [INFO]   Cleaning: NB-ANNUAL-REPORT-doc-1.json
2026-06-18 21:34:47,662 [INFO]   Cleaning: For-the-Nine-Months-ended-30-September-2024.json
2026-06-18 21:34:47,897 [INFO]   Cleaning: Unaudited Financial Statements - Quarter 2 2024.json
2026-06-18 21:34:48,163 [INFO]   Cleaning: unaudited-financial-statements-september-2023.json
2026-06-18 21:34:48,424 [INFO]   Cleaning: investor-presentation_-post-9m-2025-results_12-11-2025_approved-1.json
2026-06-18 21:34:48,520 [INFO]   Cleaning: 1777473162-StanbicIBTCHoldingsPLC2025AnnualReport.json
2026-06-18 21:34:50,831 [INFO]   Cleaning: STERLING_Read_Our_Annual_Report_a007d4bd.json
2026-06-18 21:34:51,873 [INFO]   Cleaning: UBA-2025-AR-NGX.json
2026-06-18 21:34:53,047 [INFO]   Cleaning: UBA-ANNUAL-REPORT-ACCOUNTS-2022.json
2026-06-18 21:34:54,379 [INFO]   Cleaning: UBA-PLC-2025-Annual-Report.json
2026-06-18 21:34:56,160 [INFO]   Cleaning: unilever-annual-report-and-accounts-2025.json
2026-06-18 21:34:58,627 [INFO]   Cleaning: unilever-annual-report-on-form-20-f-2025.json
2026-06-18 21:34:59,666 [INFO]   Cleaning: ng-wapco-2025-ar-00.json
2026-06-18 21:35:00,718 [INFO] Restored annotations for 2 passages
2026-06-18 21:35:00,799 [INFO] Annotation queue saved: 883 passages -> C:\Users\USER\Documents\ngx_collector\data\metadata\annotation_queue.csv
