2026-06-18 12:30:17,090 [INFO] === CLEANING PHASE ===
2026-06-18 12:30:17,101 [INFO] Processing 71 extracted files
2026-06-18 12:30:17,101 [INFO]   Cleaning: 45213_ACCESS_HOLDINGS_PLC-_QUARTER_2_-_FINANCIAL_STATEMENT_FOR_2025_FINANCIAL_STATEMENTS_OCTOBER_2025.json
2026-06-18 12:30:22,347 [INFO]   Cleaning: 46923_ACCESS_HOLDINGS_PLC-_QUARTER_5_-_FINANCIAL_STATEMENT_FOR_2025_FINANCIAL_STATEMENTS_MAY_2026.json
2026-06-18 12:30:24,754 [INFO]   Cleaning: Abriged-FS-2025-Q1-Final.json
2026-06-18 12:30:24,773 [INFO]   Cleaning: Access-Bank-Plc-September-2024-Financial-Statement.json
2026-06-18 12:30:25,704 [INFO]   Cleaning: ACCESS-HOLDINGS-PLC-FINANCIAL-STATEMENTS-30-SEPTEMBER-2025.json
2026-06-18 12:30:26,394 [INFO]   Cleaning: Access-Holdings-PLC-FY-2025.json
2026-06-18 12:30:28,448 [INFO]   Cleaning: Access-Holdings-Q1-2026.json
2026-06-18 12:30:29,276 [INFO]   Cleaning: AIICO_2025_Audited_FS.json
2026-06-18 12:30:29,311 [INFO]   Cleaning: ng-aiico-2025-ar-00.json
2026-06-18 12:30:30,693 [INFO]   Cleaning: Airtel_Africa_plc_Annual_Report_and_Accounts_2026.json
2026-06-18 12:30:31,513 [INFO]   Cleaning: LSE_AAF.L_2025.json
2026-06-18 12:30:32,459 [INFO]   Cleaning: BUA Cement Plc 2024 - compressed20260302033844.json
2026-06-18 12:30:32,891 [INFO]   Cleaning: BUA Cement Releases Unaudited Financial Statements for the 3-month period Ended March 202620260425000122.json
2026-06-18 12:30:32,911 [INFO]   Cleaning: BUACEMENT_2025_Annual_Reports___Accounts_9a1a0718.json
2026-06-18 12:30:33,361 [INFO]   Cleaning: 43612_CADBURY_NIGERIA_PLC.-_QUARTER_5_-_FINANCIAL_STATEMENT_FOR_2024_FINANCIAL_STATEMENTS_MARCH_2025.json
2026-06-18 12:30:33,706 [INFO]   Cleaning: ng-cadbur-2024-ar-00.json
2026-06-18 12:30:34,085 [INFO]   Cleaning: Dangote-Cement-Plcs-AR-2025-At-at-Glance.json
2026-06-18 12:30:34,141 [INFO]   Cleaning: DANGOTE-SUGAR-AGM-2024-CHAIRMANS-STATEMENT.json
2026-06-18 12:30:34,329 [INFO]   Cleaning: DANGOTE-SUGAR-REFINERY-PLC-2025-ANNUAL-REPORT-CHAIRMANS-STATEMENT.json
2026-06-18 12:30:34,427 [INFO]   Cleaning: DANGOTE-SUGAR-REFINERY-PLC-2025-ANNUAL-REPORT.json
2026-06-18 12:30:36,036 [INFO]   Cleaning: NASCON-Allied-Industries-Plc-2025-H1-Financial-Statements.json
2026-06-18 12:30:36,406 [INFO]   Cleaning: Nascon-Allied-Industries-Plc-Q3-2025-Financial-Statements.json
2026-06-18 12:30:36,700 [INFO]   Cleaning: NASCON-Audited-Finanical-Statements-FY-2023.json
2026-06-18 12:30:37,470 [INFO]   Cleaning: NASCON-FY-2025-Financial-Statement.json
2026-06-18 12:30:37,909 [INFO]   Cleaning: NASCON-FY-2025-Result-Statement.json
2026-06-18 12:30:37,928 [INFO]   Cleaning: NASCON-Q3-FS.json
2026-06-18 12:30:38,244 [INFO]   Cleaning: NASCON-Unaudited-Financial-Statement-2023-Q3-Result.json
2026-06-18 12:30:38,528 [INFO]   Cleaning: NASCON-Unaudited-Q1-2023-FS.json
2026-06-18 12:30:38,759 [INFO]   Cleaning: 20260423093934855a.json
2026-06-18 12:30:39,965 [INFO]   Cleaning: 20260610034536778v.json
2026-06-18 12:30:41,286 [INFO]   Cleaning: FBNH_FBN_Holdings_Plc_H1_2020_Results_Present_a63464af.json
2026-06-18 12:30:41,399 [INFO]   Cleaning: FBNH_First_HoldCo_Plc_9M_2025_Unaudited_Finan_557fef83.json
2026-06-18 12:30:41,598 [INFO]   Cleaning: FBNH_First_HoldCo_Plc_Q1_2026_Unaudited_Finan_ee424764.json
2026-06-18 12:30:42,293 [INFO]   Cleaning: 2024 FCMB ANNUAL REPORT & ACCOUNTS.json
2026-06-18 12:30:44,948 [INFO]   Cleaning: 47129_FCMB_GROUP_PLC-_QUARTER_5_-_FINANCIAL_STATEMENT_FOR_2025_FINANCIAL_STATEMENTS_JUNE_2026.json
2026-06-18 12:30:46,549 [INFO]   Cleaning: FIDELITYBK_Annual_Report_2017_4ae688b0.json
2026-06-18 12:30:47,490 [INFO]   Cleaning: FIDELITYBK_Annual_Report_2018_4e0c6eb0.json
2026-06-18 12:30:48,213 [INFO]   Cleaning: FIDELITYBK_Annual_Report_2019_492add82.json
2026-06-18 12:30:48,945 [INFO]   Cleaning: FIDELITYBK_Annual_Report_2020_5209d07c.json
2026-06-18 12:30:49,629 [INFO]   Cleaning: FIDELITYBK_Annual_Report_2023_7d55a9a0.json
2026-06-18 12:30:50,650 [INFO]   Cleaning: FIDELITYBK_Annual_Report_2024_27c8e547.json
2026-06-18 12:30:52,453 [INFO]   Cleaning: FIDELITYBK_Annual_Report_bf585906.json
2026-06-18 12:30:53,567 [INFO]   Cleaning: FIDELITYBK_Investor_Presentation_a24a14df.json
2026-06-18 12:30:53,638 [INFO]   Cleaning: FIDELITYBK_Proxy_Form_2c87e4db.json
2026-06-18 12:30:53,648 [INFO]   Cleaning: Guaranty-Trust-Holding-Company-Plc-2025-Financial-Statements.json
2026-06-18 12:30:54,648 [INFO]   Cleaning: Guinness-Nigeria-Plc-Press-Announcement-Q1F26.json
2026-06-18 12:30:54,659 [INFO]   Cleaning: Guinness-Nigeria-Plc-Q1-26-Unaudited-Financials.json
2026-06-18 12:30:54,786 [INFO]   Cleaning: Guinness-Nigeria-Plc_Q5F25_Unaudited-Financial-Statements.json
2026-06-18 12:30:54,790 [INFO]   Cleaning: 2026.05.05_julius_berger_nigeria_plc_-_annual_reports_2025.json
2026-06-18 12:30:55,216 [INFO]   Cleaning: annual_reports_2024.json
2026-06-18 12:30:55,610 [INFO]   Cleaning: 2024-Q1-Unaudited-Financial-Statements.json
2026-06-18 12:30:55,904 [INFO]   Cleaning: 2025-Q1-Unaudited-Financial-Statements_.json
2026-06-18 12:30:55,907 [INFO]   Cleaning: MTN-Nigeria-Audited-Financial-Statements-2024.json
2026-06-18 12:30:56,244 [INFO]   Cleaning: MTN-Nigeria-FY-2025-Audited-Financial-Statements.json
2026-06-18 12:30:56,722 [INFO]   Cleaning: NASCON-Audited-Finanical-Statements-FY-2022.json
2026-06-18 12:30:57,208 [INFO]   Cleaning: NASCON-Audited-Finanical-Statements-FY-2023-.json
2026-06-18 12:30:58,217 [INFO]   Cleaning: NASCON-Audited-Finanical-Statements-FY-2023.json
2026-06-18 12:30:59,380 [INFO]   Cleaning: Full-Year-2025-Audited-Financial-Statements-Nigerian-Breweries-Plc.json
2026-06-18 12:30:59,395 [INFO]   Cleaning: NB-ANNUAL-REPORT-doc-1.json
2026-06-18 12:31:00,143 [INFO]   Cleaning: For-the-Nine-Months-ended-30-September-2024.json
2026-06-18 12:31:00,299 [INFO]   Cleaning: Unaudited Financial Statements - Quarter 2 2024.json
2026-06-18 12:31:00,427 [INFO]   Cleaning: unaudited-financial-statements-september-2023.json
2026-06-18 12:31:00,555 [INFO]   Cleaning: investor-presentation_-post-9m-2025-results_12-11-2025_approved-1.json
2026-06-18 12:31:00,599 [INFO]   Cleaning: 1777473162-StanbicIBTCHoldingsPLC2025AnnualReport.json
2026-06-18 12:31:01,767 [INFO]   Cleaning: STERLING_Read_Our_Annual_Report_a007d4bd.json
2026-06-18 12:31:02,613 [INFO]   Cleaning: UBA-2025-AR-NGX.json
2026-06-18 12:31:03,661 [INFO]   Cleaning: UBA-ANNUAL-REPORT-ACCOUNTS-2022.json
2026-06-18 12:31:05,477 [INFO]   Cleaning: UBA-PLC-2025-Annual-Report.json
2026-06-18 12:31:07,779 [INFO]   Cleaning: unilever-annual-report-and-accounts-2025.json
2026-06-18 12:31:09,801 [INFO]   Cleaning: unilever-annual-report-on-form-20-f-2025.json
2026-06-18 12:31:10,731 [INFO]   Cleaning: ng-wapco-2025-ar-00.json
2026-06-18 12:31:11,538 [INFO] Restored annotations for 2 passages
2026-06-18 12:31:11,603 [INFO] Annotation queue saved: 1299 passages -> C:\Users\USER\Documents\ngx_collector\data\metadata\annotation_queue.csv
