2026-06-17 16:15:08,759 [INFO] === CLEANING PHASE ===
2026-06-17 16:15:08,772 [INFO] Processing 20 extracted files
2026-06-17 16:15:08,773 [INFO]   Cleaning: BUACEMENT_2025_Annual_Reports___Accounts_9a1a0718.json
2026-06-17 16:15:09,500 [INFO]   Cleaning: FBNH_FBN_Holdings_Plc_H1_2020_Results_Present_a63464af.json
2026-06-17 16:15:09,676 [INFO]   Cleaning: FBNH_First_HoldCo_Plc_9M_2025_Unaudited_Finan_557fef83.json
2026-06-17 16:15:10,023 [INFO]   Cleaning: FBNH_First_HoldCo_Plc_Q1_2026_Unaudited_Finan_ee424764.json
2026-06-17 16:15:10,304 [INFO]   Cleaning: FIDELITYBK_Annual_Report_2017_4ae688b0.json
2026-06-17 16:15:11,204 [INFO]   Cleaning: FIDELITYBK_Annual_Report_2018_4e0c6eb0.json
2026-06-17 16:15:13,139 [INFO]   Cleaning: FIDELITYBK_Annual_Report_2019_492add82.json
2026-06-17 16:15:15,306 [INFO]   Cleaning: FIDELITYBK_Annual_Report_2020_5209d07c.json
2026-06-17 16:15:17,785 [INFO]   Cleaning: FIDELITYBK_Annual_Report_2023_7d55a9a0.json
2026-06-17 16:15:20,898 [INFO]   Cleaning: FIDELITYBK_Annual_Report_2024_27c8e547.json
2026-06-17 16:15:22,879 [INFO]   Cleaning: FIDELITYBK_Annual_Report_bf585906.json
2026-06-17 16:15:25,091 [INFO]   Cleaning: FIDELITYBK_Investor_Presentation_a24a14df.json
2026-06-17 16:15:25,372 [INFO]   Cleaning: FIDELITYBK_Proxy_Form_2c87e4db.json
2026-06-17 16:15:25,391 [INFO]   Cleaning: Guaranty-Trust-Holding-Company-Plc-2025-Financial-Statements.json
2026-06-17 16:15:28,065 [INFO]   Cleaning: Full-Year-2025-Audited-Financial-Statements-Nigerian-Breweries-Plc.json
2026-06-17 16:15:28,090 [INFO]   Cleaning: NB-ANNUAL-REPORT-doc-1.json
2026-06-17 16:15:29,432 [INFO]   Cleaning: For-the-Nine-Months-ended-30-September-2024.json
2026-06-17 16:15:30,308 [INFO]   Cleaning: Unaudited Financial Statements - Quarter 2 2024.json
2026-06-17 16:15:31,456 [INFO]   Cleaning: unaudited-financial-statements-september-2023.json
2026-06-17 16:15:33,228 [INFO]   Cleaning: STERLING_Read_Our_Annual_Report_a007d4bd.json
2026-06-17 16:15:36,488 [INFO] Restored annotations for 4 passages
2026-06-17 16:15:36,659 [INFO] Annotation queue saved: 455 passages -> C:\Users\USER\Desktop\DataQUry\ngx_collector\data\metadata\annotation_queue.csv
