2026-06-17 23:05:19,544 [INFO] === CLEANING PHASE ===
2026-06-17 23:05:19,554 [INFO] Processing 71 extracted files
2026-06-17 23:05:19,554 [INFO]   Cleaning: 45213_ACCESS_HOLDINGS_PLC-_QUARTER_2_-_FINANCIAL_STATEMENT_FOR_2025_FINANCIAL_STATEMENTS_OCTOBER_2025.json
2026-06-17 23:05:20,605 [INFO]   Cleaning: 46923_ACCESS_HOLDINGS_PLC-_QUARTER_5_-_FINANCIAL_STATEMENT_FOR_2025_FINANCIAL_STATEMENTS_MAY_2026.json
2026-06-17 23:05:21,890 [INFO]   Cleaning: Abriged-FS-2025-Q1-Final.json
2026-06-17 23:05:21,905 [INFO]   Cleaning: Access-Bank-Plc-September-2024-Financial-Statement.json
2026-06-17 23:05:22,520 [INFO]   Cleaning: ACCESS-HOLDINGS-PLC-FINANCIAL-STATEMENTS-30-SEPTEMBER-2025.json
2026-06-17 23:05:23,089 [INFO]   Cleaning: Access-Holdings-PLC-FY-2025.json
2026-06-17 23:05:24,210 [INFO]   Cleaning: Access-Holdings-Q1-2026.json
2026-06-17 23:05:24,757 [INFO]   Cleaning: AIICO_2025_Audited_FS.json
2026-06-17 23:05:24,780 [INFO]   Cleaning: ng-aiico-2025-ar-00.json
2026-06-17 23:05:25,970 [INFO]   Cleaning: Airtel_Africa_plc_Annual_Report_and_Accounts_2026.json
2026-06-17 23:05:26,747 [INFO]   Cleaning: LSE_AAF.L_2025.json
2026-06-17 23:05:27,908 [INFO]   Cleaning: BUA Cement Plc 2024 - compressed20260302033844.json
2026-06-17 23:05:28,507 [INFO]   Cleaning: BUA Cement Releases Unaudited Financial Statements for the 3-month period Ended March 202620260425000122.json
2026-06-17 23:05:28,520 [INFO]   Cleaning: BUACEMENT_2025_Annual_Reports___Accounts_9a1a0718.json
2026-06-17 23:05:29,059 [INFO]   Cleaning: 43612_CADBURY_NIGERIA_PLC.-_QUARTER_5_-_FINANCIAL_STATEMENT_FOR_2024_FINANCIAL_STATEMENTS_MARCH_2025.json
2026-06-17 23:05:29,354 [INFO]   Cleaning: ng-cadbur-2024-ar-00.json
2026-06-17 23:05:29,652 [INFO]   Cleaning: Dangote-Cement-Plcs-AR-2025-At-at-Glance.json
2026-06-17 23:05:29,679 [INFO]   Cleaning: DANGOTE-SUGAR-AGM-2024-CHAIRMANS-STATEMENT.json
2026-06-17 23:05:29,740 [INFO]   Cleaning: DANGOTE-SUGAR-REFINERY-PLC-2025-ANNUAL-REPORT-CHAIRMANS-STATEMENT.json
2026-06-17 23:05:29,766 [INFO]   Cleaning: DANGOTE-SUGAR-REFINERY-PLC-2025-ANNUAL-REPORT.json
2026-06-17 23:05:30,498 [INFO]   Cleaning: NASCON-Allied-Industries-Plc-2025-H1-Financial-Statements.json
2026-06-17 23:05:30,648 [INFO]   Cleaning: Nascon-Allied-Industries-Plc-Q3-2025-Financial-Statements.json
2026-06-17 23:05:30,801 [INFO]   Cleaning: NASCON-Audited-Finanical-Statements-FY-2023.json
2026-06-17 23:05:30,957 [INFO]   Cleaning: NASCON-FY-2025-Financial-Statement.json
2026-06-17 23:05:31,142 [INFO]   Cleaning: NASCON-FY-2025-Result-Statement.json
2026-06-17 23:05:31,157 [INFO]   Cleaning: NASCON-Q3-FS.json
2026-06-17 23:05:31,308 [INFO]   Cleaning: NASCON-Unaudited-Financial-Statement-2023-Q3-Result.json
2026-06-17 23:05:31,455 [INFO]   Cleaning: NASCON-Unaudited-Q1-2023-FS.json
2026-06-17 23:05:31,598 [INFO]   Cleaning: 20260423093934855a.json
2026-06-17 23:05:32,479 [INFO]   Cleaning: 20260610034536778v.json
2026-06-17 23:05:33,455 [INFO]   Cleaning: FBNH_FBN_Holdings_Plc_H1_2020_Results_Present_a63464af.json
2026-06-17 23:05:33,510 [INFO]   Cleaning: FBNH_First_HoldCo_Plc_9M_2025_Unaudited_Finan_557fef83.json
2026-06-17 23:05:33,665 [INFO]   Cleaning: FBNH_First_HoldCo_Plc_Q1_2026_Unaudited_Finan_ee424764.json
2026-06-17 23:05:33,805 [INFO]   Cleaning: 2024 FCMB ANNUAL REPORT & ACCOUNTS.json
2026-06-17 23:05:35,112 [INFO]   Cleaning: 47129_FCMB_GROUP_PLC-_QUARTER_5_-_FINANCIAL_STATEMENT_FOR_2025_FINANCIAL_STATEMENTS_JUNE_2026.json
2026-06-17 23:05:35,920 [INFO]   Cleaning: FIDELITYBK_Annual_Report_2017_4ae688b0.json
2026-06-17 23:05:36,521 [INFO]   Cleaning: FIDELITYBK_Annual_Report_2018_4e0c6eb0.json
2026-06-17 23:05:37,258 [INFO]   Cleaning: FIDELITYBK_Annual_Report_2019_492add82.json
2026-06-17 23:05:38,075 [INFO]   Cleaning: FIDELITYBK_Annual_Report_2020_5209d07c.json
2026-06-17 23:05:38,929 [INFO]   Cleaning: FIDELITYBK_Annual_Report_2023_7d55a9a0.json
2026-06-17 23:05:39,912 [INFO]   Cleaning: FIDELITYBK_Annual_Report_2024_27c8e547.json
2026-06-17 23:05:41,051 [INFO]   Cleaning: FIDELITYBK_Annual_Report_bf585906.json
2026-06-17 23:05:42,149 [INFO]   Cleaning: FIDELITYBK_Investor_Presentation_a24a14df.json
2026-06-17 23:05:42,222 [INFO]   Cleaning: FIDELITYBK_Proxy_Form_2c87e4db.json
2026-06-17 23:05:42,230 [INFO]   Cleaning: Guaranty-Trust-Holding-Company-Plc-2025-Financial-Statements.json
2026-06-17 23:05:43,374 [INFO]   Cleaning: Guinness-Nigeria-Plc-Press-Announcement-Q1F26.json
2026-06-17 23:05:43,386 [INFO]   Cleaning: Guinness-Nigeria-Plc-Q1-26-Unaudited-Financials.json
2026-06-17 23:05:43,525 [INFO]   Cleaning: Guinness-Nigeria-Plc_Q5F25_Unaudited-Financial-Statements.json
2026-06-17 23:05:43,530 [INFO]   Cleaning: 2026.05.05_julius_berger_nigeria_plc_-_annual_reports_2025.json
2026-06-17 23:05:44,014 [INFO]   Cleaning: annual_reports_2024.json
2026-06-17 23:05:44,761 [INFO]   Cleaning: 2024-Q1-Unaudited-Financial-Statements.json
2026-06-17 23:05:45,123 [INFO]   Cleaning: 2025-Q1-Unaudited-Financial-Statements_.json
2026-06-17 23:05:45,128 [INFO]   Cleaning: MTN-Nigeria-Audited-Financial-Statements-2024.json
2026-06-17 23:05:45,702 [INFO]   Cleaning: MTN-Nigeria-FY-2025-Audited-Financial-Statements.json
2026-06-17 23:05:46,217 [INFO]   Cleaning: Full-Year-2025-Audited-Financial-Statements-Nigerian-Breweries-Plc.json
2026-06-17 23:05:46,227 [INFO]   Cleaning: NB-ANNUAL-REPORT-doc-1.json
2026-06-17 23:05:46,767 [INFO]   Cleaning: For-the-Nine-Months-ended-30-September-2024.json
2026-06-17 23:05:46,910 [INFO]   Cleaning: Unaudited Financial Statements - Quarter 2 2024.json
2026-06-17 23:05:47,034 [INFO]   Cleaning: unaudited-financial-statements-september-2023.json
2026-06-17 23:05:47,151 [INFO]   Cleaning: investor-presentation_-post-9m-2025-results_12-11-2025_approved-1.json
2026-06-17 23:05:47,193 [INFO]   Cleaning: 1777473162-StanbicIBTCHoldingsPLC2025AnnualReport.json
2026-06-17 23:05:48,354 [INFO]   Cleaning: STERLING_Read_Our_Annual_Report_a007d4bd.json
2026-06-17 23:05:49,009 [INFO]   Cleaning: UBA-2025-AR-NGX.json
2026-06-17 23:05:49,768 [INFO]   Cleaning: UBA-ANNUAL-REPORT-ACCOUNTS-2022.json
2026-06-17 23:05:50,618 [INFO]   Cleaning: UBA-PLC-2025-Annual-Report.json
2026-06-17 23:05:51,611 [INFO]   Cleaning: unilever-annual-report-and-accounts-2025.json
2026-06-17 23:05:53,260 [INFO]   Cleaning: unilever-annual-report-on-form-20-f-2025.json
2026-06-17 23:05:54,130 [INFO]   Cleaning: ng-wapco-2025-ar-00.json
2026-06-17 23:05:54,795 [INFO]   Cleaning: NASCON-Audited-Finanical-Statements-FY-2022.json
2026-06-17 23:05:55,499 [INFO]   Cleaning: NASCON-Audited-Finanical-Statements-FY-2023-.json
2026-06-17 23:05:56,467 [INFO]   Cleaning: NASCON-Audited-Finanical-Statements-FY-2023.json
2026-06-17 23:05:57,393 [INFO] Annotation queue saved: 1832 passages -> C:\Users\USER\Documents\ngx_collector\data\metadata\annotation_queue.csv
